2025-01-20 10:24:43,546 - ERROR - no equation given.
2025-01-20 10:40:45,193 - ERROR - analysis: no model given!
2025-01-20 10:52:41,937 - ERROR - analysis: no parameters given!
2025-01-20 11:17:11,110 - INFO - analysis: fitting model to data
2025-01-20 11:28:18,019 - INFO - analysis: fitting model to data
2025-01-20 11:30:26,714 - INFO - analysis: fitting model to data
2025-01-20 11:32:21,545 - INFO - analysis: fitting model to data
2025-01-20 11:33:52,334 - INFO - analysis: fitting model to data
2025-01-20 11:37:21,288 - INFO - analysis: fitting model to data
2025-01-20 11:38:00,690 - INFO - analysis: fitting model to data
2025-01-20 11:44:25,349 - INFO - analysis: fitting model to data
2025-01-20 11:45:04,682 - INFO - analysis: fitting model to data
2025-01-20 11:47:09,675 - INFO - analysis: fitting model to data
2025-01-20 11:49:35,190 - INFO - analysis: fitting model to data
2025-01-20 11:52:32,184 - INFO - analysis: fitting model to data
2025-01-20 11:55:25,604 - INFO - analysis: fitting model to data
2025-01-20 11:56:44,295 - INFO - analysis: fitting model to data
2025-01-20 11:57:33,526 - INFO - analysis: fitting model to data
2025-01-20 11:58:08,259 - INFO - analysis: fitting model to data
2025-01-20 11:58:48,237 - INFO - analysis: fitting model to data
2025-01-20 12:48:00,583 - INFO - analysis: fitting model to data
2025-01-20 12:48:01,840 - INFO - analysis: plotted fit
2025-01-20 12:48:01,902 - INFO - analysis: retrieved properties
2025-01-20 12:48:50,777 - INFO - analysis: fitting model to data
2025-01-20 12:49:39,887 - INFO - analysis: fitting model to data
2025-01-20 12:50:14,996 - INFO - analysis: fitting model to data
2025-01-20 12:50:16,544 - INFO - analysis: plotted fit
2025-01-20 12:50:16,606 - INFO - analysis: retrieved properties
2025-01-20 12:51:21,239 - INFO - analysis: fitting model to data
2025-01-20 12:51:22,118 - INFO - analysis: no outlier detected.
2025-01-20 12:51:22,124 - INFO - analysis: no outlier detected.
2025-01-20 12:51:22,131 - INFO - analysis: no outlier detected.
2025-01-20 12:51:22,137 - INFO - analysis: no outlier detected.
2025-01-20 12:51:22,774 - INFO - analysis: plotted fit
2025-01-20 12:51:22,837 - INFO - analysis: retrieved properties
2025-01-20 12:53:25,620 - INFO - analysis: fitting model to data
2025-01-20 12:53:26,522 - INFO - analysis: no outlier detected
2025-01-20 12:53:27,177 - INFO - analysis: plotted fit
2025-01-20 12:55:00,628 - INFO - analysis: fitting model to data
2025-01-20 12:55:01,519 - INFO - analysis: outlier detected at 0.004363636363636364, datapoint 1
2025-01-20 12:55:01,593 - INFO - analysis: refitting model
2025-01-20 12:55:24,827 - INFO - analysis: fitting model to data
2025-01-20 12:55:25,720 - INFO - analysis: outlier detected at 0.004363636363636364, datapoint 1
2025-01-20 12:55:25,795 - INFO - analysis: refitting model
2025-01-20 12:55:30,123 - INFO - analysis: plotted fit
2025-01-20 13:06:27,260 - INFO - analysis: fitting model to data
2025-01-20 13:06:28,177 - INFO - analysis: outlier detected at 0.004363636363636364, datapoint 1
2025-01-20 13:06:28,253 - INFO - analysis: refitting model
2025-01-20 13:10:00,376 - INFO - analysis: fitting model to data
2025-01-20 13:10:01,342 - INFO - analysis: no outlier detected
2025-01-20 13:10:01,342 - INFO - analysis: calculating bayesian suggestion
2025-01-20 13:12:41,779 - INFO - analysis: fitting model to data
2025-01-20 13:12:42,757 - INFO - analysis: no outlier detected
2025-01-20 13:12:42,757 - INFO - analysis: calculating bayesian suggestion
2025-01-20 13:13:56,529 - INFO - analysis: fitting model to data
2025-01-20 13:13:57,484 - INFO - analysis: no outlier detected
2025-01-20 13:13:57,485 - INFO - analysis: calculating bayesian suggestion
2025-01-20 13:27:24,467 - INFO - analysis: fitting model to data
2025-01-20 13:27:25,421 - INFO - analysis: no outlier detected
2025-01-20 13:27:25,421 - INFO - analysis: calculating bayesian suggestion
2025-01-20 13:31:51,668 - INFO - analysis: fitting model to data
2025-01-20 13:31:52,620 - INFO - analysis: no outlier detected
2025-01-20 13:31:52,621 - INFO - analysis: calculating bayesian suggestion
2025-01-20 13:49:58,800 - INFO - analysis: fitting model to data
2025-01-20 13:49:59,750 - INFO - analysis: no outlier detected
2025-01-20 13:49:59,750 - INFO - analysis: calculating bayesian suggestion
2025-01-20 13:55:42,187 - INFO - analysis: fitting model to data
2025-01-20 13:55:43,138 - INFO - analysis: no outlier detected
2025-01-20 13:55:43,139 - INFO - analysis: calculating bayesian suggestion
2025-01-20 14:00:52,181 - INFO - analysis: fitting model to data
2025-01-20 14:00:53,133 - INFO - analysis: no outlier detected
2025-01-20 14:00:53,133 - INFO - analysis: calculating bayesian suggestion
2025-01-20 14:01:31,932 - INFO - analysis: fitting model to data
2025-01-20 14:01:32,447 - INFO - analysis: no outlier detected
2025-01-20 14:01:32,447 - INFO - analysis: calculating bayesian suggestion
2025-01-20 14:02:13,316 - INFO - analysis: fitting model to data
2025-01-20 14:02:13,859 - INFO - analysis: no outlier detected
2025-01-20 14:02:13,859 - INFO - analysis: calculating bayesian suggestion
2025-01-20 14:02:52,692 - INFO - analysis: fitting model to data
2025-01-20 14:02:53,224 - INFO - analysis: no outlier detected
2025-01-20 14:02:53,225 - INFO - analysis: calculating bayesian suggestion
